{"total": {"lines":{"total":4287,"covered":3085,"skipped":0,"pct":71.96},"statements":{"total":4287,"covered":3085,"skipped":0,"pct":71.96},"functions":{"total":109,"covered":74,"skipped":0,"pct":67.88},"branches":{"total":546,"covered":428,"skipped":0,"pct":78.38},"branchesTrue":{"total":0,"covered":0,"skipped":0,"pct":100}}
,"/Users/yos/sdk/src/FormoAnalytics.ts": {"lines":{"total":3139,"covered":2019,"skipped":0,"pct":64.31},"functions":{"total":87,"covered":52,"skipped":0,"pct":59.77},"statements":{"total":3139,"covered":2019,"skipped":0,"pct":64.31},"branches":{"total":298,"covered":232,"skipped":0,"pct":77.85}}
,"/Users/yos/sdk/src/wagmi/WagmiEventHandler.ts": {"lines":{"total":1148,"covered":1066,"skipped":0,"pct":92.85},"functions":{"total":22,"covered":22,"skipped":0,"pct":100},"statements":{"total":1148,"covered":1066,"skipped":0,"pct":92.85},"branches":{"total":248,"covered":196,"skipped":0,"pct":79.03}}
}
